#
# There is insufficient memory for the Java Runtime Environment to continue.
# Native memory allocation (malloc) failed to allocate 2103696 bytes for Chunk::new
# Possible reasons:
#   The system is out of physical RAM or swap space
#   The process is running with CompressedOops enabled, and the Java Heap may be blocking the growth of the native heap
# Possible solutions:
#   Reduce memory load on the system
#   Increase physical memory or swap space
#   Check if swap backing store is full
#   Decrease Java heap size (-Xmx/-Xms)
#   Decrease number of Java threads
#   Decrease Java thread stack sizes (-Xss)
#   Set larger code cache with -XX:ReservedCodeCacheSize=
#   JVM is running with Unscaled Compressed Oops mode in which the Java heap is
#     placed in the first 4GB address space. The Java Heap base address is the
#     maximum limit for the native heap growth. Please use -XX:HeapBaseMinAddress
#     to set the Java Heap base and to place the Java Heap above 4GB virtual address.
# This output file may be truncated or incomplete.
#
#  Out of Memory Error (./src/hotspot/share/memory/arena.cpp:197), pid=19236, tid=19080
#
# JRE version: OpenJDK Runtime Environment (11.0.10) (build 11.0.10+0-b96-7249189)
# Java VM: OpenJDK 64-Bit Server VM (11.0.10+0-b96-7249189, mixed mode, tiered, compressed oops, g1 gc, windows-amd64)
# No core dump will be written. Minidumps are not enabled by default on client versions of Windows
#

---------------  S U M M A R Y ------------

Command Line: org.jetbrains.kotlin.cli.jvm.K2JVMCompiler @C:\Users\Diego Santos\Desktop\RecetarioTest\app\build\20230423_4281850307247763949.compiler.options

Host: Intel(R) Core(TM) i3-1005G1 CPU @ 1.20GHz, 4 cores, 3G,  Windows 10 , 64 bit Build 19041 (10.0.19041.2788)
Time: Sun Apr 23 17:35:39 2023 Central Standard Time (Mexico) elapsed time: 16.599592 seconds (0d 0h 0m 16s)

---------------  T H R E A D  ---------------

Current thread (0x000002d154ead800):  JavaThread "C2 CompilerThread0" daemon [_thread_in_native, id=19080, stack(0x000000dd63f00000,0x000000dd64000000)]


Current CompileTask:
C2:  16599 2991       4       java.lang.ClassLoader::loadClass (7 bytes)

Stack: [0x000000dd63f00000,0x000000dd64000000]
Native frames: (J=compiled Java code, j=interpreted, Vv=VM code, C=native code)
V  [jvm.dll+0x5ecfaa]
V  [jvm.dll+0x722bd5]
V  [jvm.dll+0x72412d]
V  [jvm.dll+0x7247e3]
V  [jvm.dll+0x242928]
V  [jvm.dll+0xbc4fc]
V  [jvm.dll+0xbca0c]
V  [jvm.dll+0x352d3b]
V  [jvm.dll+0x320ad3]
V  [jvm.dll+0x31ffca]
V  [jvm.dll+0x1fb602]
V  [jvm.dll+0x1fa7f4]
V  [jvm.dll+0x18354c]
V  [jvm.dll+0x208ee7]
V  [jvm.dll+0x207731]
V  [jvm.dll+0x6eb1cf]
V  [jvm.dll+0x6e3d45]
V  [jvm.dll+0x5ebe96]
C  [ucrtbase.dll+0x21bb2]
C  [KERNEL32.DLL+0x17604]
C  [ntdll.dll+0x526a1]


---------------  P R O C E S S  ---------------

Threads class SMR info:
_java_thread_list=0x000002d155112e00, length=10, elements={
0x000002d13b3fc800, 0x000002d154e46000, 0x000002d154e47000, 0x000002d154e64000,
0x000002d154e65000, 0x000002d154e6a800, 0x000002d154ead800, 0x000002d154eca000,
0x000002d155033800, 0x000002d155121800
}

Java Threads: ( => current thread )
  0x000002d13b3fc800 JavaThread "main" [_thread_in_native, id=1228, stack(0x000000dd63300000,0x000000dd63400000)]
  0x000002d154e46000 JavaThread "Reference Handler" daemon [_thread_blocked, id=16752, stack(0x000000dd63a00000,0x000000dd63b00000)]
  0x000002d154e47000 JavaThread "Finalizer" daemon [_thread_blocked, id=6540, stack(0x000000dd63b00000,0x000000dd63c00000)]
  0x000002d154e64000 JavaThread "Signal Dispatcher" daemon [_thread_blocked, id=19676, stack(0x000000dd63c00000,0x000000dd63d00000)]
  0x000002d154e65000 JavaThread "Attach Listener" daemon [_thread_blocked, id=6900, stack(0x000000dd63d00000,0x000000dd63e00000)]
  0x000002d154e6a800 JavaThread "Service Thread" daemon [_thread_blocked, id=1600, stack(0x000000dd63e00000,0x000000dd63f00000)]
=>0x000002d154ead800 JavaThread "C2 CompilerThread0" daemon [_thread_in_native, id=19080, stack(0x000000dd63f00000,0x000000dd64000000)]
  0x000002d154eca000 JavaThread "C1 CompilerThread0" daemon [_thread_blocked, id=9832, stack(0x000000dd64000000,0x000000dd64100000)]
  0x000002d155033800 JavaThread "Sweeper thread" daemon [_thread_blocked, id=10804, stack(0x000000dd64100000,0x000000dd64200000)]
  0x000002d155121800 JavaThread "Common-Cleaner" daemon [_thread_blocked, id=15540, stack(0x000000dd64300000,0x000000dd64400000)]

Other Threads:
  0x000002d154e1f800 VMThread "VM Thread" [stack: 0x000000dd63900000,0x000000dd63a00000] [id=19828]
  0x000002d155119000 WatcherThread [stack: 0x000000dd64200000,0x000000dd64300000] [id=11756]
  0x000002d13b415800 GCTaskThread "GC Thread#0" [stack: 0x000000dd63400000,0x000000dd63500000] [id=19756]
  0x000002d155501000 GCTaskThread "GC Thread#1" [stack: 0x000000dd64400000,0x000000dd64500000] [id=17512]
  0x000002d13b42e000 ConcurrentGCThread "G1 Main Marker" [stack: 0x000000dd63500000,0x000000dd63600000] [id=432]
  0x000002d13b430800 ConcurrentGCThread "G1 Conc#0" [stack: 0x000000dd63600000,0x000000dd63700000] [id=3780]
  0x000002d13b476800 ConcurrentGCThread "G1 Refine#0" [stack: 0x000000dd63700000,0x000000dd63800000] [id=4056]
  0x000002d13b478000 ConcurrentGCThread "G1 Young RemSet Sampling" [stack: 0x000000dd63800000,0x000000dd63900000] [id=6252]

Threads with active compile tasks:
C2 CompilerThread0  16635 2991       4       java.lang.ClassLoader::loadClass (7 bytes)

VM state:not at safepoint (normal execution)

VM Mutex/Monitor currently owned by a thread: None

Heap address: 0x00000000c4000000, size: 960 MB, Compressed Oops mode: 32-bit
Narrow klass base: 0x0000000000000000, Narrow klass shift: 3
Compressed class space size: 1073741824 Address: 0x0000000100000000

Heap:
 garbage-first heap   total 61440K, used 27316K [0x00000000c4000000, 0x0000000100000000)
  region size 1024K, 5 young (5120K), 2 survivors (2048K)
 Metaspace       used 43445K, capacity 43949K, committed 44032K, reserved 1087488K
  class space    used 5160K, capacity 5338K, committed 5376K, reserved 1048576K
Heap Regions: E=young(eden), S=young(survivor), O=old, HS=humongous(starts), HC=humongous(continues), CS=collection set, F=free, A=archive, TAMS=top-at-mark-start (previous, next)
|   0|0x00000000c4000000, 0x00000000c4100000, 0x00000000c4100000|100%|HS|  |TAMS 0x00000000c4100000, 0x00000000c4000000| Complete 
|   1|0x00000000c4100000, 0x00000000c4200000, 0x00000000c4200000|100%|HC|  |TAMS 0x00000000c4200000, 0x00000000c4100000| Complete 
|   2|0x00000000c4200000, 0x00000000c4300000, 0x00000000c4300000|100%|HC|  |TAMS 0x00000000c4300000, 0x00000000c4200000| Complete 
|   3|0x00000000c4300000, 0x00000000c4400000, 0x00000000c4400000|100%| O|  |TAMS 0x00000000c4400000, 0x00000000c4300000| Untracked 
|   4|0x00000000c4400000, 0x00000000c4500000, 0x00000000c4500000|100%| O|  |TAMS 0x00000000c4500000, 0x00000000c4400000| Untracked 
|   5|0x00000000c4500000, 0x00000000c4600000, 0x00000000c4600000|100%| O|  |TAMS 0x00000000c4600000, 0x00000000c4500000| Untracked 
|   6|0x00000000c4600000, 0x00000000c4700000, 0x00000000c4700000|100%| O|  |TAMS 0x00000000c4700000, 0x00000000c4600000| Untracked 
|   7|0x00000000c4700000, 0x00000000c4800000, 0x00000000c4800000|100%| O|  |TAMS 0x00000000c4800000, 0x00000000c4700000| Untracked 
|   8|0x00000000c4800000, 0x00000000c4900000, 0x00000000c4900000|100%| O|  |TAMS 0x00000000c4900000, 0x00000000c4800000| Untracked 
|   9|0x00000000c4900000, 0x00000000c4a00000, 0x00000000c4a00000|100%|HS|  |TAMS 0x00000000c4a00000, 0x00000000c4900000| Complete 
|  10|0x00000000c4a00000, 0x00000000c4b00000, 0x00000000c4b00000|100%|HC|  |TAMS 0x00000000c4b00000, 0x00000000c4a00000| Complete 
|  11|0x00000000c4b00000, 0x00000000c4c00000, 0x00000000c4c00000|100%|HC|  |TAMS 0x00000000c4c00000, 0x00000000c4b00000| Complete 
|  12|0x00000000c4c00000, 0x00000000c4d00000, 0x00000000c4d00000|100%|HS|  |TAMS 0x00000000c4d00000, 0x00000000c4c00000| Complete 
|  13|0x00000000c4d00000, 0x00000000c4e00000, 0x00000000c4e00000|100%|HC|  |TAMS 0x00000000c4e00000, 0x00000000c4d00000| Complete 
|  14|0x00000000c4e00000, 0x00000000c4f00000, 0x00000000c4f00000|100%| O|  |TAMS 0x00000000c4f00000, 0x00000000c4e00000| Untracked 
|  15|0x00000000c4f00000, 0x00000000c5000000, 0x00000000c5000000|100%| O|  |TAMS 0x00000000c5000000, 0x00000000c4f00000| Untracked 
|  16|0x00000000c5000000, 0x00000000c5100000, 0x00000000c5100000|100%| O|  |TAMS 0x00000000c5100000, 0x00000000c5000000| Untracked 
|  17|0x00000000c5100000, 0x00000000c5200000, 0x00000000c5200000|100%| O|  |TAMS 0x00000000c5200000, 0x00000000c5100000| Untracked 
|  18|0x00000000c5200000, 0x00000000c5300000, 0x00000000c5300000|100%| O|  |TAMS 0x00000000c5300000, 0x00000000c5200000| Untracked 
|  19|0x00000000c5300000, 0x00000000c5400000, 0x00000000c5400000|100%| O|  |TAMS 0x00000000c5382800, 0x00000000c5300000| Untracked 
|  20|0x00000000c5400000, 0x00000000c5500000, 0x00000000c5500000|100%| O|  |TAMS 0x00000000c5400000, 0x00000000c5400000| Untracked 
|  21|0x00000000c5500000, 0x00000000c5600000, 0x00000000c5600000|100%| O|  |TAMS 0x00000000c5500000, 0x00000000c5500000| Untracked 
|  22|0x00000000c5600000, 0x00000000c56de400, 0x00000000c5700000| 86%| O|  |TAMS 0x00000000c5600000, 0x00000000c5600000| Untracked 
|  23|0x00000000c5700000, 0x00000000c5700000, 0x00000000c5800000|  0%| F|  |TAMS 0x00000000c5700000, 0x00000000c5700000| Untracked 
|  24|0x00000000c5800000, 0x00000000c5800000, 0x00000000c5900000|  0%| F|  |TAMS 0x00000000c5800000, 0x00000000c5800000| Untracked 
|  25|0x00000000c5900000, 0x00000000c5900000, 0x00000000c5a00000|  0%| F|  |TAMS 0x00000000c5900000, 0x00000000c5900000| Untracked 
|  26|0x00000000c5a00000, 0x00000000c5a00000, 0x00000000c5b00000|  0%| F|  |TAMS 0x00000000c5a00000, 0x00000000c5a00000| Untracked 
|  27|0x00000000c5b00000, 0x00000000c5b00000, 0x00000000c5c00000|  0%| F|  |TAMS 0x00000000c5b00000, 0x00000000c5b00000| Untracked 
|  28|0x00000000c5c00000, 0x00000000c5c00000, 0x00000000c5d00000|  0%| F|  |TAMS 0x00000000c5c00000, 0x00000000c5c00000| Untracked 
|  29|0x00000000c5d00000, 0x00000000c5d00000, 0x00000000c5e00000|  0%| F|  |TAMS 0x00000000c5d00000, 0x00000000c5d00000| Untracked 
|  30|0x00000000c5e00000, 0x00000000c5e00000, 0x00000000c5f00000|  0%| F|  |TAMS 0x00000000c5e00000, 0x00000000c5e00000| Untracked 
|  31|0x00000000c5f00000, 0x00000000c5f00000, 0x00000000c6000000|  0%| F|  |TAMS 0x00000000c5f00000, 0x00000000c5f00000| Untracked 
|  32|0x00000000c6000000, 0x00000000c6000000, 0x00000000c6100000|  0%| F|  |TAMS 0x00000000c6000000, 0x00000000c6000000| Untracked 
|  33|0x00000000c6100000, 0x00000000c6100000, 0x00000000c6200000|  0%| F|  |TAMS 0x00000000c6100000, 0x00000000c6100000| Untracked 
|  34|0x00000000c6200000, 0x00000000c6200000, 0x00000000c6300000|  0%| F|  |TAMS 0x00000000c6200000, 0x00000000c6200000| Untracked 
|  35|0x00000000c6300000, 0x00000000c6300000, 0x00000000c6400000|  0%| F|  |TAMS 0x00000000c6300000, 0x00000000c6300000| Untracked 
|  36|0x00000000c6400000, 0x00000000c6400000, 0x00000000c6500000|  0%| F|  |TAMS 0x00000000c6400000, 0x00000000c6400000| Untracked 
|  37|0x00000000c6500000, 0x00000000c6500000, 0x00000000c6600000|  0%| F|  |TAMS 0x00000000c6500000, 0x00000000c6500000| Untracked 
|  38|0x00000000c6600000, 0x00000000c6600000, 0x00000000c6700000|  0%| F|  |TAMS 0x00000000c6600000, 0x00000000c6600000| Untracked 
|  39|0x00000000c6700000, 0x00000000c6700000, 0x00000000c6800000|  0%| F|  |TAMS 0x00000000c6700000, 0x00000000c6700000| Untracked 
|  40|0x00000000c6800000, 0x00000000c68cee98, 0x00000000c6900000| 80%| S|CS|TAMS 0x00000000c6800000, 0x00000000c6800000| Complete 
|  41|0x00000000c6900000, 0x00000000c6a00000, 0x00000000c6a00000|100%| S|CS|TAMS 0x00000000c6900000, 0x00000000c6900000| Complete 
|  42|0x00000000c6a00000, 0x00000000c6a00000, 0x00000000c6b00000|  0%| F|  |TAMS 0x00000000c6a00000, 0x00000000c6a00000| Untracked 
|  43|0x00000000c6b00000, 0x00000000c6b00000, 0x00000000c6c00000|  0%| F|  |TAMS 0x00000000c6b00000, 0x00000000c6b00000| Untracked 
|  44|0x00000000c6c00000, 0x00000000c6c00000, 0x00000000c6d00000|  0%| F|  |TAMS 0x00000000c6c00000, 0x00000000c6c00000| Untracked 
|  45|0x00000000c6d00000, 0x00000000c6d00000, 0x00000000c6e00000|  0%| F|  |TAMS 0x00000000c6d00000, 0x00000000c6d00000| Untracked 
|  46|0x00000000c6e00000, 0x00000000c6e00000, 0x00000000c6f00000|  0%| F|  |TAMS 0x00000000c6e00000, 0x00000000c6e00000| Untracked 
|  47|0x00000000c6f00000, 0x00000000c6f00000, 0x00000000c7000000|  0%| F|  |TAMS 0x00000000c6f00000, 0x00000000c6f00000| Untracked 
|  48|0x00000000c7000000, 0x00000000c7000000, 0x00000000c7100000|  0%| F|  |TAMS 0x00000000c7000000, 0x00000000c7000000| Untracked 
|  49|0x00000000c7100000, 0x00000000c7100000, 0x00000000c7200000|  0%| F|  |TAMS 0x00000000c7100000, 0x00000000c7100000| Untracked 
|  50|0x00000000c7200000, 0x00000000c7200000, 0x00000000c7300000|  0%| F|  |TAMS 0x00000000c7200000, 0x00000000c7200000| Untracked 
|  51|0x00000000c7300000, 0x00000000c7300000, 0x00000000c7400000|  0%| F|  |TAMS 0x00000000c7300000, 0x00000000c7300000| Untracked 
|  52|0x00000000c7400000, 0x00000000c7400000, 0x00000000c7500000|  0%| F|  |TAMS 0x00000000c7400000, 0x00000000c7400000| Untracked 
|  53|0x00000000c7500000, 0x00000000c7500000, 0x00000000c7600000|  0%| F|  |TAMS 0x00000000c7500000, 0x00000000c7500000| Untracked 
|  54|0x00000000c7600000, 0x00000000c7600000, 0x00000000c7700000|  0%| F|  |TAMS 0x00000000c7600000, 0x00000000c7600000| Untracked 
|  55|0x00000000c7700000, 0x00000000c7700000, 0x00000000c7800000|  0%| F|  |TAMS 0x00000000c7700000, 0x00000000c7700000| Untracked 
|  56|0x00000000c7800000, 0x00000000c7800000, 0x00000000c7900000|  0%| F|  |TAMS 0x00000000c7800000, 0x00000000c7800000| Untracked 
|  57|0x00000000c7900000, 0x00000000c79c0918, 0x00000000c7a00000| 75%| E|  |TAMS 0x00000000c7900000, 0x00000000c7900000| Complete 
|  58|0x00000000c7a00000, 0x00000000c7b00000, 0x00000000c7b00000|100%| E|CS|TAMS 0x00000000c7a00000, 0x00000000c7a00000| Complete 
|  59|0x00000000c7b00000, 0x00000000c7c00000, 0x00000000c7c00000|100%| E|CS|TAMS 0x00000000c7b00000, 0x00000000c7b00000| Complete 

Card table byte_map: [0x000002d14fed0000,0x000002d1500b0000] _byte_map_base: 0x000002d14f8b0000

Marking Bits (Prev, Next): (CMBitMap*) 0x000002d13b429748, (CMBitMap*) 0x000002d13b429780
 Prev Bits: [0x000002d150290000, 0x000002d151190000)
 Next Bits: [0x000002d151190000, 0x000002d152090000)

Polling page: 0x000002d13cc90000

Metaspace:

Usage:
  Non-class:     37.71 MB capacity,    37.39 MB (>99%) used,   255.70 KB ( <1%) free+waste,    63.13 KB ( <1%) overhead. 
      Class:      5.24 MB capacity,     5.04 MB ( 96%) used,   179.66 KB (  3%) free+waste,    28.06 KB ( <1%) overhead. 
       Both:     42.95 MB capacity,    42.44 MB ( 99%) used,   435.36 KB ( <1%) free+waste,    91.19 KB ( <1%) overhead. 

Virtual space:
  Non-class space:       38.00 MB reserved,      37.75 MB (>99%) committed 
      Class space:        1.00 GB reserved,       5.25 MB ( <1%) committed 
             Both:        1.04 GB reserved,      43.00 MB (  4%) committed 

Chunk freelists:
   Non-Class:  45.00 KB
       Class:  6.00 KB
        Both:  51.00 KB

MaxMetaspaceSize: 17179869184.00 GB
CompressedClassSpaceSize: 1.00 GB

CodeHeap 'non-profiled nmethods': size=120064Kb used=1178Kb max_used=1178Kb free=118885Kb
 bounds [0x000002d148180000, 0x000002d1483f0000, 0x000002d14f6c0000]
CodeHeap 'profiled nmethods': size=120000Kb used=6403Kb max_used=6403Kb free=113596Kb
 bounds [0x000002d140c50000, 0x000002d1412a0000, 0x000002d148180000]
CodeHeap 'non-nmethods': size=5696Kb used=1195Kb max_used=1232Kb free=4500Kb
 bounds [0x000002d1406c0000, 0x000002d140930000, 0x000002d140c50000]
 total_blobs=3609 nmethods=3071 adapters=449
 compilation: enabled
              stopped_count=0, restarted_count=0
 full_count=0

Compilation events (20 events):
Event: 16.519 Thread 0x000002d154eca000 3076       3       jdk.internal.misc.Unsafe::defineAnonymousClass (46 bytes)
Event: 16.519 Thread 0x000002d154eca000 nmethod 3076 0x000002d141283610 code [0x000002d141283800, 0x000002d141283c18]
Event: 16.540 Thread 0x000002d154eca000 3078       3       java.lang.invoke.DirectMethodHandle::preparedLambdaForm (248 bytes)
Event: 16.541 Thread 0x000002d154eca000 nmethod 3078 0x000002d141283d90 code [0x000002d141284060, 0x000002d141284af8]
Event: 16.546 Thread 0x000002d154eca000 3079       3       java.lang.invoke.TypeConvertingMethodAdapter::convertType (299 bytes)
Event: 16.550 Thread 0x000002d154eca000 nmethod 3079 0x000002d141284f90 code [0x000002d1412858a0, 0x000002d14128a588]
Event: 16.563 Thread 0x000002d154eca000 3080   !   3       java.lang.invoke.MethodHandleNatives::linkMethodHandleConstant (50 bytes)
Event: 16.563 Thread 0x000002d154eca000 nmethod 3080 0x000002d14128c190 code [0x000002d14128c360, 0x000002d14128c548]
Event: 16.563 Thread 0x000002d154eca000 3081       3       java.lang.invoke.MethodHandles$Lookup::linkMethodHandleConstant (220 bytes)
Event: 16.565 Thread 0x000002d154eca000 nmethod 3081 0x000002d14128c710 code [0x000002d14128cb00, 0x000002d14128e698]
Event: 16.569 Thread 0x000002d154eca000 3085       3       org.jetbrains.kotlin.name.Name::hashCode (28 bytes)
Event: 16.569 Thread 0x000002d154eca000 nmethod 3085 0x000002d14128ef10 code [0x000002d14128f0c0, 0x000002d14128f268]
Event: 16.581 Thread 0x000002d154eca000 3086       3       org.jetbrains.kotlin.com.intellij.psi.impl.source.tree.TreeElement::getTreeNext (5 bytes)
Event: 16.581 Thread 0x000002d154eca000 nmethod 3086 0x000002d14128f390 code [0x000002d14128f540, 0x000002d14128f658]
Event: 16.583 Thread 0x000002d154eca000 3087       1       org.jetbrains.kotlin.com.intellij.psi.impl.source.SubstrateRef::getStub (2 bytes)
Event: 16.583 Thread 0x000002d154eca000 nmethod 3087 0x000002d1482a6610 code [0x000002d1482a67c0, 0x000002d1482a6878]
Event: 16.587 Thread 0x000002d154eca000 3088       3       org.jetbrains.kotlin.com.intellij.extapi.psi.StubBasedPsiElementBase::getNode (122 bytes)
Event: 16.588 Thread 0x000002d154eca000 nmethod 3088 0x000002d14128f710 code [0x000002d14128f9e0, 0x000002d141290828]
Event: 16.588 Thread 0x000002d154eca000 3089       3       org.jetbrains.kotlin.com.intellij.psi.impl.source.SubstrateRef$2::getNode (13 bytes)
Event: 16.588 Thread 0x000002d154eca000 nmethod 3089 0x000002d141290b10 code [0x000002d141290cc0, 0x000002d141290e48]

GC Heap History (16 events):
Event: 2.712 GC heap before
{Heap before GC invocations=0 (full 0):
 garbage-first heap   total 61440K, used 17408K [0x00000000c4000000, 0x0000000100000000)
  region size 1024K, 14 young (14336K), 0 survivors (0K)
 Metaspace       used 9830K, capacity 9938K, committed 10112K, reserved 1058816K
  class space    used 839K, capacity 885K, committed 896K, reserved 1048576K
}
Event: 2.722 GC heap after
{Heap after GC invocations=1 (full 0):
 garbage-first heap   total 61440K, used 5193K [0x00000000c4000000, 0x0000000100000000)
  region size 1024K, 2 young (2048K), 2 survivors (2048K)
 Metaspace       used 9830K, capacity 9938K, committed 10112K, reserved 1058816K
  class space    used 839K, capacity 885K, committed 896K, reserved 1048576K
}
Event: 6.365 GC heap before
{Heap before GC invocations=1 (full 0):
 garbage-first heap   total 61440K, used 40009K [0x00000000c4000000, 0x0000000100000000)
  region size 1024K, 36 young (36864K), 2 survivors (2048K)
 Metaspace       used 18173K, capacity 18414K, committed 18560K, reserved 1067008K
  class space    used 1823K, capacity 1909K, committed 1920K, reserved 1048576K
}
Event: 6.376 GC heap after
{Heap after GC invocations=2 (full 0):
 garbage-first heap   total 61440K, used 8594K [0x00000000c4000000, 0x0000000100000000)
  region size 1024K, 5 young (5120K), 5 survivors (5120K)
 Metaspace       used 18173K, capacity 18414K, committed 18560K, reserved 1067008K
  class space    used 1823K, capacity 1909K, committed 1920K, reserved 1048576K
}
Event: 7.297 GC heap before
{Heap before GC invocations=2 (full 0):
 garbage-first heap   total 61440K, used 17810K [0x00000000c4000000, 0x0000000100000000)
  region size 1024K, 15 young (15360K), 5 survivors (5120K)
 Metaspace       used 20892K, capacity 21118K, committed 21248K, reserved 1069056K
  class space    used 2198K, capacity 2280K, committed 2304K, reserved 1048576K
}
Event: 7.313 GC heap after
{Heap after GC invocations=3 (full 0):
 garbage-first heap   total 61440K, used 9242K [0x00000000c4000000, 0x0000000100000000)
  region size 1024K, 1 young (1024K), 1 survivors (1024K)
 Metaspace       used 20892K, capacity 21118K, committed 21248K, reserved 1069056K
  class space    used 2198K, capacity 2280K, committed 2304K, reserved 1048576K
}
Event: 9.195 GC heap before
{Heap before GC invocations=4 (full 0):
 garbage-first heap   total 61440K, used 33818K [0x00000000c4000000, 0x0000000100000000)
  region size 1024K, 23 young (23552K), 1 survivors (1024K)
 Metaspace       used 27580K, capacity 27996K, committed 28288K, reserved 1075200K
  class space    used 2965K, capacity 3138K, committed 3200K, reserved 1048576K
}
Event: 9.203 GC heap after
{Heap after GC invocations=5 (full 0):
 garbage-first heap   total 61440K, used 13893K [0x00000000c4000000, 0x0000000100000000)
  region size 1024K, 3 young (3072K), 3 survivors (3072K)
 Metaspace       used 27580K, capacity 27996K, committed 28288K, reserved 1075200K
  class space    used 2965K, capacity 3138K, committed 3200K, reserved 1048576K
}
Event: 11.813 GC heap before
{Heap before GC invocations=5 (full 0):
 garbage-first heap   total 61440K, used 37445K [0x00000000c4000000, 0x0000000100000000)
  region size 1024K, 25 young (25600K), 3 survivors (3072K)
 Metaspace       used 31642K, capacity 32079K, committed 32384K, reserved 1077248K
  class space    used 3938K, capacity 4116K, committed 4224K, reserved 1048576K
}
Event: 11.825 GC heap after
{Heap after GC invocations=6 (full 0):
 garbage-first heap   total 61440K, used 19928K [0x00000000c4000000, 0x0000000100000000)
  region size 1024K, 4 young (4096K), 4 survivors (4096K)
 Metaspace       used 31642K, capacity 32079K, committed 32384K, reserved 1077248K
  class space    used 3938K, capacity 4116K, committed 4224K, reserved 1048576K
}
Event: 13.294 GC heap before
{Heap before GC invocations=6 (full 0):
 garbage-first heap   total 61440K, used 34264K [0x00000000c4000000, 0x0000000100000000)
  region size 1024K, 19 young (19456K), 4 survivors (4096K)
 Metaspace       used 35003K, capacity 35423K, committed 35584K, reserved 1081344K
  class space    used 4320K, capacity 4506K, committed 4608K, reserved 1048576K
}
Event: 13.307 GC heap after
{Heap after GC invocations=7 (full 0):
 garbage-first heap   total 61440K, used 21657K [0x00000000c4000000, 0x0000000100000000)
  region size 1024K, 2 young (2048K), 2 survivors (2048K)
 Metaspace       used 35003K, capacity 35423K, committed 35584K, reserved 1081344K
  class space    used 4320K, capacity 4506K, committed 4608K, reserved 1048576K
}
Event: 14.782 GC heap before
{Heap before GC invocations=8 (full 0):
 garbage-first heap   total 61440K, used 39065K [0x00000000c4000000, 0x0000000100000000)
  region size 1024K, 20 young (20480K), 2 survivors (2048K)
 Metaspace       used 38425K, capacity 38845K, committed 38912K, reserved 1083392K
  class space    used 4652K, capacity 4833K, committed 4864K, reserved 1048576K
}
Event: 14.788 GC heap after
{Heap after GC invocations=9 (full 0):
 garbage-first heap   total 61440K, used 23368K [0x00000000c4000000, 0x0000000100000000)
  region size 1024K, 3 young (3072K), 3 survivors (3072K)
 Metaspace       used 38425K, capacity 38845K, committed 38912K, reserved 1083392K
  class space    used 4652K, capacity 4833K, committed 4864K, reserved 1048576K
}
Event: 16.376 GC heap before
{Heap before GC invocations=9 (full 0):
 garbage-first heap   total 61440K, used 41800K [0x00000000c4000000, 0x0000000100000000)
  region size 1024K, 21 young (21504K), 3 survivors (3072K)
 Metaspace       used 42633K, capacity 43067K, committed 43264K, reserved 1087488K
  class space    used 5081K, capacity 5258K, committed 5376K, reserved 1048576K
}
Event: 16.383 GC heap after
{Heap after GC invocations=10 (full 0):
 garbage-first heap   total 61440K, used 25268K [0x00000000c4000000, 0x0000000100000000)
  region size 1024K, 2 young (2048K), 2 survivors (2048K)
 Metaspace       used 42633K, capacity 43067K, committed 43264K, reserved 1087488K
  class space    used 5081K, capacity 5258K, committed 5376K, reserved 1048576K
}

Deoptimization events (20 events):
Event: 15.848 Thread 0x000002d13b3fc800 Uncommon trap: trap_request=0xffffff4d fr.pc=0x000002d1481b3aec relative=0x0000000000000c4c
Event: 15.849 Thread 0x000002d13b3fc800 Uncommon trap: reason=unstable_if action=reinterpret pc=0x000002d1481b3aec method=java.lang.StringCoding.encodeUTF8(B[BZ)[B @ 2 c2
Event: 15.849 Thread 0x000002d13b3fc800 DEOPT PACKING pc=0x000002d1481b3aec sp=0x000000dd633f5bc0
Event: 15.849 Thread 0x000002d13b3fc800 DEOPT UNPACKING pc=0x000002d1406c83af sp=0x000000dd633f59b0 mode 2
Event: 15.850 Thread 0x000002d13b3fc800 Uncommon trap: trap_request=0xffffff4d fr.pc=0x000002d14826d324 relative=0x0000000000000bc4
Event: 15.850 Thread 0x000002d13b3fc800 Uncommon trap: reason=unstable_if action=reinterpret pc=0x000002d14826d324 method=sun.net.www.ParseUtil.firstEncodeIndex(Ljava/lang/String;)I @ 27 c2
Event: 15.850 Thread 0x000002d13b3fc800 DEOPT PACKING pc=0x000002d14826d324 sp=0x000000dd633f5c50
Event: 15.850 Thread 0x000002d13b3fc800 DEOPT UNPACKING pc=0x000002d1406c83af sp=0x000000dd633f5ac8 mode 2
Event: 15.850 Thread 0x000002d13b3fc800 Uncommon trap: trap_request=0xffffff4d fr.pc=0x000002d148243514 relative=0x00000000000001f4
Event: 15.850 Thread 0x000002d13b3fc800 Uncommon trap: reason=unstable_if action=reinterpret pc=0x000002d148243514 method=java.lang.String.indexOf(II)I @ 4 c2
Event: 15.850 Thread 0x000002d13b3fc800 DEOPT PACKING pc=0x000002d148243514 sp=0x000000dd633f5930
Event: 15.850 Thread 0x000002d13b3fc800 DEOPT UNPACKING pc=0x000002d1406c83af sp=0x000000dd633f58e0 mode 2
Event: 15.850 Thread 0x000002d13b3fc800 Uncommon trap: trap_request=0xffffff4d fr.pc=0x000002d1482442b0 relative=0x0000000000000190
Event: 15.850 Thread 0x000002d13b3fc800 Uncommon trap: reason=unstable_if action=reinterpret pc=0x000002d1482442b0 method=java.lang.String.startsWith(Ljava/lang/String;I)Z @ 46 c2
Event: 15.850 Thread 0x000002d13b3fc800 DEOPT PACKING pc=0x000002d1482442b0 sp=0x000000dd633f5a30
Event: 15.850 Thread 0x000002d13b3fc800 DEOPT UNPACKING pc=0x000002d1406c83af sp=0x000000dd633f5998 mode 2
Event: 15.851 Thread 0x000002d13b3fc800 Uncommon trap: trap_request=0xffffff4d fr.pc=0x000002d14829dfac relative=0x00000000000006cc
Event: 15.851 Thread 0x000002d13b3fc800 Uncommon trap: reason=unstable_if action=reinterpret pc=0x000002d14829dfac method=java.lang.String.lastIndexOf(II)I @ 4 c2
Event: 15.851 Thread 0x000002d13b3fc800 DEOPT PACKING pc=0x000002d14829dfac sp=0x000000dd633f5aa0
Event: 15.851 Thread 0x000002d13b3fc800 DEOPT UNPACKING pc=0x000002d1406c83af sp=0x000000dd633f5990 mode 2

Classes redefined (0 events):
No events

Internal exceptions (20 events):
Event: 7.912 Thread 0x000002d13b3fc800 Exception <a 'java/lang/NoSuchMethodError'{0x00000000c761cce0}: 'void java.lang.invoke.DirectMethodHandle$Holder.invokeSpecial(java.lang.Object, java.lang.Object)'> (0x00000000c761cce0) thrown at [./src/hotspot/share/interpreter/linkResolver.cpp, line 773]
Event: 8.590 Thread 0x000002d13b3fc800 Exception <a 'java/lang/NoSuchMethodError'{0x00000000c6d476a8}: 'java.lang.Object java.lang.invoke.DirectMethodHandle$Holder.invokeStatic(java.lang.Object, java.lang.Object, java.lang.Object, java.lang.Object, java.lang.Object, java.lang.Object, java.lang.Object, java.lang.Object, java.lang.Object, java.lang.Object, java.lang.Object, java.lang.Object, java.lang.Object, java.lang.Object, java.lang.Object)'> (0x00000000c6d476a8) thrown at [./src/hotspot/share/interpreter/linkResolver.cpp, line 773]
Event: 8.595 Thread 0x000002d13b3fc800 Exception <a 'java/lang/NoSuchMethodError'{0x00000000c6d556b0}: 'java.lang.Object java.lang.invoke.DirectMethodHandle$Holder.invokeStatic(java.lang.Object, java.lang.Object, java.lang.Object, java.lang.Object, java.lang.Object, java.lang.Object, java.lang.Object, java.lang.Object, java.lang.Object, java.lang.Object, java.lang.Object, java.lang.Object, java.lang.Object, java.lang.Object, java.lang.Object, java.lang.Object)'> (0x00000000c6d556b0) thrown at [./src/hotspot/share/interpreter/linkResolver.cpp, l
Event: 8.606 Thread 0x000002d13b3fc800 Exception <a 'java/lang/NoSuchMethodError'{0x00000000c6d635c8}: 'java.lang.Object java.lang.invoke.DirectMethodHandle$Holder.invokeSpecial(java.lang.Object, java.lang.Object, int, int, java.lang.Object, java.lang.Object, java.lang.Object)'> (0x00000000c6d635c8) thrown at [./src/hotspot/share/interpreter/linkResolver.cpp, line 773]
Event: 8.606 Thread 0x000002d13b3fc800 Exception <a 'java/lang/NoSuchMethodError'{0x00000000c6d66e00}: 'java.lang.Object java.lang.invoke.DelegatingMethodHandle$Holder.reinvoke_L(java.lang.Object, int, int, java.lang.Object, java.lang.Object, java.lang.Object)'> (0x00000000c6d66e00) thrown at [./src/hotspot/share/interpreter/linkResolver.cpp, line 773]
Event: 8.608 Thread 0x000002d13b3fc800 Exception <a 'java/lang/NoSuchMethodError'{0x00000000c6d6b188}: 'java.lang.Object java.lang.invoke.DirectMethodHandle$Holder.invokeStatic(java.lang.Object, java.lang.Object, java.lang.Object, java.lang.Object, int)'> (0x00000000c6d6b188) thrown at [./src/hotspot/share/interpreter/linkResolver.cpp, line 773]
Event: 8.715 Thread 0x000002d13b3fc800 Exception <a 'sun/nio/fs/WindowsException'{0x00000000c6cab370}> (0x00000000c6cab370) thrown at [./src/hotspot/share/prims/jni.cpp, line 615]
Event: 8.716 Thread 0x000002d13b3fc800 Exception <a 'sun/nio/fs/WindowsException'{0x00000000c6cabc10}> (0x00000000c6cabc10) thrown at [./src/hotspot/share/prims/jni.cpp, line 615]
Event: 8.717 Thread 0x000002d13b3fc800 Exception <a 'sun/nio/fs/WindowsException'{0x00000000c6cac4c0}> (0x00000000c6cac4c0) thrown at [./src/hotspot/share/prims/jni.cpp, line 615]
Event: 8.720 Thread 0x000002d13b3fc800 Exception <a 'sun/nio/fs/WindowsException'{0x00000000c6cacee0}> (0x00000000c6cacee0) thrown at [./src/hotspot/share/prims/jni.cpp, line 615]
Event: 8.720 Thread 0x000002d13b3fc800 Exception <a 'sun/nio/fs/WindowsException'{0x00000000c6cad800}> (0x00000000c6cad800) thrown at [./src/hotspot/share/prims/jni.cpp, line 615]
Event: 8.721 Thread 0x000002d13b3fc800 Exception <a 'sun/nio/fs/WindowsException'{0x00000000c6cae170}> (0x00000000c6cae170) thrown at [./src/hotspot/share/prims/jni.cpp, line 615]
Event: 8.724 Thread 0x000002d13b3fc800 Exception <a 'java/lang/NoSuchMethodError'{0x00000000c6cb4bc8}: 'void java.lang.invoke.DirectMethodHandle$Holder.invokeStatic(java.lang.Object, java.lang.Object, java.lang.Object, java.lang.Object)'> (0x00000000c6cb4bc8) thrown at [./src/hotspot/share/interpreter/linkResolver.cpp, line 773]
Event: 8.932 Thread 0x000002d13b3fc800 Exception <a 'java/lang/NoSuchMethodError'{0x00000000c689a4c0}: 'void java.lang.invoke.DirectMethodHandle$Holder.invokeStaticInit(java.lang.Object, java.lang.Object)'> (0x00000000c689a4c0) thrown at [./src/hotspot/share/interpreter/linkResolver.cpp, line 773]
Event: 9.244 Thread 0x000002d13b3fc800 Exception <a 'java/lang/NoSuchMethodError'{0x00000000c7bc2630}: 'void java.lang.invoke.DirectMethodHandle$Holder.invokeVirtual(java.lang.Object, java.lang.Object)'> (0x00000000c7bc2630) thrown at [./src/hotspot/share/interpreter/linkResolver.cpp, line 773]
Event: 9.271 Thread 0x000002d13b3fc800 Exception <a 'java/lang/NoSuchMethodError'{0x00000000c7a35be0}: 'int java.lang.invoke.DirectMethodHandle$Holder.invokeVirtual(java.lang.Object, java.lang.Object)'> (0x00000000c7a35be0) thrown at [./src/hotspot/share/interpreter/linkResolver.cpp, line 773]
Event: 13.005 Thread 0x000002d13b3fc800 Exception <a 'java/lang/NoSuchMethodError'{0x00000000c707f6d0}: 'java.lang.Object java.lang.invoke.DirectMethodHandle$Holder.invokeVirtual(java.lang.Object, java.lang.Object, java.lang.Object)'> (0x00000000c707f6d0) thrown at [./src/hotspot/share/interpreter/linkResolver.cpp, line 773]
Event: 16.566 Thread 0x000002d13b3fc800 Exception <a 'java/lang/NoSuchMethodError'{0x00000000c7a9a1f0}: 'java.lang.Object java.lang.invoke.DirectMethodHandle$Holder.invokeStatic(java.lang.Object, java.lang.Object, java.lang.Object, int)'> (0x00000000c7a9a1f0) thrown at [./src/hotspot/share/interpreter/linkResolver.cpp, line 773]
Event: 16.567 Thread 0x000002d13b3fc800 Exception <a 'java/lang/NoSuchMethodError'{0x00000000c7a9de60}: 'java.lang.Object java.lang.invoke.DirectMethodHandle$Holder.invokeSpecial(java.lang.Object, java.lang.Object, java.lang.Object, java.lang.Object, int)'> (0x00000000c7a9de60) thrown at [./src/hotspot/share/interpreter/linkResolver.cpp, line 773]
Event: 16.568 Thread 0x000002d13b3fc800 Exception <a 'java/lang/NoSuchMethodError'{0x00000000c7aa1170}: 'java.lang.Object java.lang.invoke.Invokers$Holder.linkToTargetMethod(java.lang.Object, java.lang.Object, int, java.lang.Object)'> (0x00000000c7aa1170) thrown at [./src/hotspot/share/interpreter/linkResolver.cpp, line 773]

Events (20 events):
Event: 16.572 loading class org/jetbrains/kotlin/psi/KtNamedDeclarationUtil
Event: 16.572 loading class org/jetbrains/kotlin/psi/KtNamedDeclarationUtil done
Event: 16.573 loading class org/jetbrains/kotlin/resolve/jvm/checkers/JvmSimpleNameBacktickChecker$checkIdentifier$1
Event: 16.573 loading class org/jetbrains/kotlin/resolve/jvm/checkers/JvmSimpleNameBacktickChecker$checkIdentifier$1 done
Event: 16.574 loading class org/jetbrains/kotlin/resolve/scopes/receivers/PackageQualifier
Event: 16.575 loading class org/jetbrains/kotlin/resolve/scopes/receivers/PackageQualifier done
Event: 16.579 loading class org/jetbrains/kotlin/resolve/scopes/receivers/QualifierKt
Event: 16.579 loading class org/jetbrains/kotlin/resolve/scopes/receivers/QualifierKt done
Event: 16.580 loading class org/jetbrains/kotlin/psi/psiUtil/KtPsiUtilKt$getTopmostParentQualifiedExpressionForSelector$1
Event: 16.580 loading class org/jetbrains/kotlin/psi/psiUtil/KtPsiUtilKt$getTopmostParentQualifiedExpressionForSelector$1 done
Event: 16.585 loading class org/jetbrains/kotlin/resolve/lazy/LazyDeclarationResolver$resolveToDescriptor$1
Event: 16.585 loading class org/jetbrains/kotlin/resolve/lazy/LazyDeclarationResolver$resolveToDescriptor$1 done
Event: 16.589 loading class org/jetbrains/kotlin/resolve/lazy/descriptors/LazyClassMemberScope$Companion
Event: 16.589 loading class org/jetbrains/kotlin/resolve/lazy/descriptors/LazyClassMemberScope$Companion done
Event: 16.590 loading class org/jetbrains/kotlin/resolve/lazy/descriptors/LazyClassMemberScope$Companion$EXTRACT_FUNCTIONS$1
Event: 16.590 loading class org/jetbrains/kotlin/resolve/lazy/descriptors/LazyClassMemberScope$Companion$EXTRACT_FUNCTIONS$1 done
Event: 16.590 loading class org/jetbrains/kotlin/resolve/lazy/descriptors/LazyClassMemberScope$MemberExtractor
Event: 16.590 loading class org/jetbrains/kotlin/resolve/lazy/descriptors/LazyClassMemberScope$MemberExtractor done
Event: 16.591 loading class org/jetbrains/kotlin/resolve/lazy/descriptors/LazyClassMemberScope$Companion$EXTRACT_PROPERTIES$1
Event: 16.591 loading class org/jetbrains/kotlin/resolve/lazy/descriptors/LazyClassMemberScope$Companion$EXTRACT_PROPERTIES$1 done


Dynamic libraries:
0x00007ff61cd40000 - 0x00007ff61cd4a000 	C:\Program Files\Android\Android Studio\jre\bin\java.exe
0x00007ffc1b910000 - 0x00007ffc1bb08000 	C:\WINDOWS\SYSTEM32\ntdll.dll
0x00007ffc1aa20000 - 0x00007ffc1aadf000 	C:\WINDOWS\System32\KERNEL32.DLL
0x00007ffc19050000 - 0x00007ffc1932a000 	C:\WINDOWS\System32\KERNELBASE.dll
0x00007ffc195c0000 - 0x00007ffc196c0000 	C:\WINDOWS\System32\ucrtbase.dll
0x00007ffc133f0000 - 0x00007ffc13407000 	C:\Program Files\Android\Android Studio\jre\bin\VCRUNTIME140.dll
0x00007ffc144f0000 - 0x00007ffc14509000 	C:\Program Files\Android\Android Studio\jre\bin\jli.dll
0x00007ffc1a130000 - 0x00007ffc1a2cd000 	C:\WINDOWS\System32\USER32.dll
0x00007ffc19020000 - 0x00007ffc19042000 	C:\WINDOWS\System32\win32u.dll
0x00007ffc1b600000 - 0x00007ffc1b62b000 	C:\WINDOWS\System32\GDI32.dll
0x00007ffc19410000 - 0x00007ffc19520000 	C:\WINDOWS\System32\gdi32full.dll
0x00007ffc198d0000 - 0x00007ffc1996d000 	C:\WINDOWS\System32\msvcp_win.dll
0x00007ffc03380000 - 0x00007ffc0361a000 	C:\WINDOWS\WinSxS\amd64_microsoft.windows.common-controls_6595b64144ccf1df_6.0.19041.1110_none_60b5254171f9507e\COMCTL32.dll
0x00007ffc1b690000 - 0x00007ffc1b72e000 	C:\WINDOWS\System32\msvcrt.dll
0x00007ffc1afb0000 - 0x00007ffc1afe0000 	C:\WINDOWS\System32\IMM32.DLL
0x00007ffbf36b0000 - 0x00007ffbf374d000 	C:\Program Files\Android\Android Studio\jre\bin\msvcp140.dll
0x00007ffbcb800000 - 0x00007ffbcc2cf000 	C:\Program Files\Android\Android Studio\jre\bin\server\jvm.dll
0x00007ffc19a50000 - 0x00007ffc19afe000 	C:\WINDOWS\System32\ADVAPI32.dll
0x00007ffc1afe0000 - 0x00007ffc1b07c000 	C:\WINDOWS\System32\sechost.dll
0x00007ffc1b4d0000 - 0x00007ffc1b5f6000 	C:\WINDOWS\System32\RPCRT4.dll
0x00007ffc1ab50000 - 0x00007ffc1ab58000 	C:\WINDOWS\System32\PSAPI.DLL
0x00007ffc16240000 - 0x00007ffc16249000 	C:\WINDOWS\SYSTEM32\WSOCK32.dll
0x00007ffc113c0000 - 0x00007ffc113ca000 	C:\WINDOWS\SYSTEM32\VERSION.dll
0x00007ffc05670000 - 0x00007ffc05697000 	C:\WINDOWS\SYSTEM32\WINMM.dll
0x00007ffc1b800000 - 0x00007ffc1b86b000 	C:\WINDOWS\System32\WS2_32.dll
0x00007ffc17870000 - 0x00007ffc17882000 	C:\WINDOWS\SYSTEM32\kernel.appcore.dll
0x00007ffbf4050000 - 0x00007ffbf4061000 	C:\Program Files\Android\Android Studio\jre\bin\verify.dll
0x00007ffc16de0000 - 0x00007ffc16fc4000 	C:\WINDOWS\SYSTEM32\DBGHELP.DLL
0x00007ffc05110000 - 0x00007ffc05144000 	C:\WINDOWS\SYSTEM32\dbgcore.DLL
0x00007ffc19330000 - 0x00007ffc193b2000 	C:\WINDOWS\System32\bcryptPrimitives.dll
0x00007ffbf37d0000 - 0x00007ffbf37f9000 	C:\Program Files\Android\Android Studio\jre\bin\java.dll
0x00007ffc12e60000 - 0x00007ffc12e6b000 	C:\Program Files\Android\Android Studio\jre\bin\jimage.dll
0x00007ffbf3750000 - 0x00007ffbf3768000 	C:\Program Files\Android\Android Studio\jre\bin\zip.dll
0x00007ffc1a2d0000 - 0x00007ffc1aa14000 	C:\WINDOWS\System32\SHELL32.dll
0x00007ffc170c0000 - 0x00007ffc17853000 	C:\WINDOWS\SYSTEM32\windows.storage.dll
0x00007ffc1b170000 - 0x00007ffc1b4c4000 	C:\WINDOWS\System32\combase.dll
0x00007ffc18a80000 - 0x00007ffc18aae000 	C:\WINDOWS\SYSTEM32\Wldp.dll
0x00007ffc1add0000 - 0x00007ffc1ae7d000 	C:\WINDOWS\System32\SHCORE.dll
0x00007ffc1b110000 - 0x00007ffc1b165000 	C:\WINDOWS\System32\shlwapi.dll
0x00007ffc18f60000 - 0x00007ffc18f7f000 	C:\WINDOWS\SYSTEM32\profapi.dll
0x00007ffbf2610000 - 0x00007ffbf262a000 	C:\Program Files\Android\Android Studio\jre\bin\net.dll
0x00007ffc0a900000 - 0x00007ffc0aa0a000 	C:\WINDOWS\SYSTEM32\WINHTTP.dll
0x00007ffc187e0000 - 0x00007ffc1884a000 	C:\WINDOWS\system32\mswsock.dll
0x00007ffbf2140000 - 0x00007ffbf2154000 	C:\Program Files\Android\Android Studio\jre\bin\nio.dll

dbghelp: loaded successfully - version: 4.0.5 - missing functions: none
symbol engine: initialized successfully - sym options: 0x614 - pdb path: .;C:\Program Files\Android\Android Studio\jre\bin;C:\WINDOWS\SYSTEM32;C:\WINDOWS\WinSxS\amd64_microsoft.windows.common-controls_6595b64144ccf1df_6.0.19041.1110_none_60b5254171f9507e;C:\Program Files\Android\Android Studio\jre\bin\server

VM Arguments:
java_command: org.jetbrains.kotlin.cli.jvm.K2JVMCompiler @C:\Users\Diego Santos\Desktop\RecetarioTest\app\build\20230423_4281850307247763949.compiler.options
java_class_path (initial): C:\Users\Diego Santos\.gradle\caches\modules-2\files-2.1\org.jetbrains.kotlin\kotlin-compiler-embeddable\1.6.10\88f2073f4020cdb83132cfe940ceb9a60aba54ea\kotlin-compiler-embeddable-1.6.10.jar;C:\Users\Diego Santos\.gradle\caches\modules-2\files-2.1\org.jetbrains.kotlin\kotlin-reflect\1.6.10\1cbe9c92c12a94eea200d23c2bbaedaf3daf5132\kotlin-reflect-1.6.10.jar;C:\Users\Diego Santos\.gradle\caches\modules-2\files-2.1\org.jetbrains.kotlin\kotlin-stdlib\1.6.10\b8af3fe6f1ca88526914929add63cf5e7c5049af\kotlin-stdlib-1.6.10.jar;C:\Users\Diego Santos\.gradle\caches\modules-2\files-2.1\org.jetbrains.kotlin\kotlin-script-runtime\1.6.10\d0a7ff2e2500ef497ed0214ae40ad3c8387a6164\kotlin-script-runtime-1.6.10.jar;C:\Users\Diego Santos\.gradle\caches\modules-2\files-2.1\org.jetbrains.kotlin\kotlin-daemon-embeddable\1.6.10\a56d79bcbea411fa6058e4ecffc2de73e742bd2a\kotlin-daemon-embeddable-1.6.10.jar;C:\Users\Diego Santos\.gradle\caches\modules-2\files-2.1\org.jetbrains.intellij.deps\trove4j\1.0.20181211\216c2e14b070f334479d800987affe4054cd563f\trove4j-1.0.20181211.jar;C:\Users\Diego Santos\.gradle\caches\modules-2\files-2.1\net.java.dev.jna\jna\5.6.0\330f2244e9030119ab3030fc3fededc86713d9cc\jna-5.6.0.jar;C:\Users\Diego Santos\.gradle\caches\modules-2\files-2.1\org.jetbrains\annotations\13.0\919f0dfe192fb4e063e7dacadee7f8bb9a2672a9\annotations-13.0.jar;C:\Users\Diego Santos\.gradle\caches\modules-2\files-2.1\org.jetbrains.kotlin\kotlin-stdlib-common\1.6.10\c118700e3a33c8a0d9adc920e9dec0831171925\kotlin-stdlib-common-1.6.10.jar
Launcher Type: SUN_STANDARD

[Global flags]
     intx CICompilerCount                          = 3                                         {product} {ergonomic}
     uint ConcGCThreads                            = 1                                         {product} {ergonomic}
     uint G1ConcRefinementThreads                  = 4                                         {product} {ergonomic}
   size_t G1HeapRegionSize                         = 1048576                                   {product} {ergonomic}
    uintx GCDrainStackTargetSize                   = 64                                        {product} {ergonomic}
   size_t InitialHeapSize                          = 62914560                                  {product} {ergonomic}
   size_t MarkStackSize                            = 4194304                                   {product} {ergonomic}
   size_t MaxHeapSize                              = 1006632960                                {product} {ergonomic}
   size_t MaxNewSize                               = 603979776                                 {product} {ergonomic}
   size_t MinHeapDeltaBytes                        = 1048576                                   {product} {ergonomic}
    uintx NonNMethodCodeHeapSize                   = 5830732                                {pd product} {ergonomic}
    uintx NonProfiledCodeHeapSize                  = 122913754                              {pd product} {ergonomic}
    uintx ProfiledCodeHeapSize                     = 122913754                              {pd product} {ergonomic}
    uintx ReservedCodeCacheSize                    = 251658240                              {pd product} {ergonomic}
     bool SegmentedCodeCache                       = true                                      {product} {ergonomic}
     bool UseCompressedClassPointers               = true                                 {lp64_product} {ergonomic}
     bool UseCompressedOops                        = true                                 {lp64_product} {ergonomic}
     bool UseG1GC                                  = true                                      {product} {ergonomic}
     bool UseLargePagesIndividualAllocation        = false                                  {pd product} {ergonomic}

Logging:
Log output configuration:
 #0: stdout all=warning uptime,level,tags
 #1: stderr all=off uptime,level,tags

Environment Variables:
PATH=C:\Program Files\Python311\Scripts\;C:\Program Files\Python311\;C:\WINDOWS\system32;C:\WINDOWS;C:\WINDOWS\System32\Wbem;C:\WINDOWS\System32\WindowsPowerShell\v1.0\;C:\WINDOWS\System32\OpenSSH\;C:\Program Files\Microsoft\Web Platform Installer\;C:\Program Files (x86)\Microsoft ASP.NET\ASP.NET Web Pages\v1.0\;C:\Program Files\Microsoft SQL Server\110\Tools\Binn\;C:\Program Files\dotnet\;C:\Program Files\Microsoft SQL Server\Client SDK\ODBC\130\Tools\Binn\;C:\Program Files (x86)\Microsoft SQL Server\140\Tools\Binn\;C:\Program Files\Microsoft SQL Server\140\Tools\Binn\;C:\Program Files\Microsoft SQL Server\140\DTS\Binn\;C:\Program Files\Microsoft SQL Server\130\Tools\Binn\;C:\Program Files\Microsoft SQL Server\Client SDK\ODBC\170\Tools\Binn\;C:\PROGRA~2\PICC;C:\Program Files\nodejs\;C:\ProgramData\chocolatey\bin;C:\Program Files\Git\cmd;C:\Program Files (x86)\Gpg4win\..\GnuPG\bin;C:\Program Files\Java\jre1.8.0_361;C:\Users\Diego Santos\AppData\Local\Microsoft\WindowsApps;C:\Users\Diego Santos\.dotnet\tools;C:\Users\Diego Santos\AppData\Local\Programs\Microsoft VS Code\bin;C:\Sqlite;C:\Users\Diego Santos\AppData\Roaming\npm;C:\Program Files\MySQL\MySQL Server 8.0\bin;C:\Program Files\heroku\bin;C:\msys64\mingw64\bin;
USERNAME=Diego Santos
OS=Windows_NT
PROCESSOR_IDENTIFIER=Intel64 Family 6 Model 126 Stepping 5, GenuineIntel



---------------  S Y S T E M  ---------------

OS: Windows 10 , 64 bit Build 19041 (10.0.19041.2788)
OS uptime: 0 days 21:09 hours

CPU:total 4 (initial active 4) (2 cores per cpu, 2 threads per core) family 6 model 126 stepping 5 microcode 0x78, cmov, cx8, fxsr, mmx, sse, sse2, sse3, ssse3, sse4.1, sse4.2, popcnt, avx, avx2, aes, clmul, erms, 3dnowpref, lzcnt, ht, tsc, tscinvbit, bmi1, bmi2, adx, evex, sha, fma

Memory: 4k page, system-wide physical 3838M (34M free)
TotalPageFile size 15614M (AvailPageFile size 5M)
current process WorkingSet (physical memory assigned to process): 168M, peak: 169M
current process commit charge ("private bytes"): 208M, peak: 210M

vm_info: OpenJDK 64-Bit Server VM (11.0.10+0-b96-7249189) for windows-amd64 JRE (11.0.10+0-b96-7249189), built on Mar 31 2021 21:44:00 by "builder" with MS VC++ 14.0 (VS2015)

END.
